<?xml version="1.0" encoding="UTF-8"?>
<testsuite xmlns:xsi="http://www.w3.org/2001/XMLSchema-instance" xsi:noNamespaceSchemaLocation="https://maven.apache.org/surefire/maven-surefire-plugin/xsd/surefire-test-report.xsd" version="3.0.2" name="org.example.serviceregistry.ServiceRegistryApplicationTests" time="8.886" tests="1" errors="0" skipped="0" failures="0">
  <properties>
[...]
</properties>
  <testcase name="contextLoads" classname="org.example.serviceregistry.ServiceRegistryApplicationTests" time="0.866">
    <system-out><![CDATA[00:42:25.138 [main] INFO org.springframework.test.context.support.AnnotationConfigContextLoaderUtils -- Could not detect default configuration classes for test class [org.example.serviceregistry.ServiceRegistryApplicationTests]: ServiceRegistryApplicationTests does not declare any static, non-private, non-final, nested classes annotated with @Configuration.
00:42:25.409 [main] INFO org.springframework.boot.test.context.SpringBootTestContextBootstrapper -- Found @SpringBootConfiguration org.example.serviceregistry.ServiceRegistryApplication for test class org.example.serviceregistry.ServiceRegistryApplicationTests
00:42:25.960 [main] INFO org.springframework.boot.devtools.restart.RestartApplicationListener -- Restart disabled due to context in which it is running

  .   ____          _            __ _ _
 /\\ / ___'_ __ _ _(_)_ __  __ _ \ \ \ \
( ( )\___ | '_ | '_| | '_ \/ _` | \ \ \ \
 \\/  ___)| |_)| | | | | || (_| |  ) ) ) )
  '  |____| .__|_| |_|_| |_\__, | / / / /
 =========|_|==============|___/=/_/_/_/

 :: Spring Boot ::                (v4.0.3)

2026-03-20T00:42:27.368+05:30  INFO 3388 --- [service-registry] [           main] o.e.s.ServiceRegistryApplicationTests    : Starting ServiceRegistryApplicationTests using Java 24.0.1 with PID 3388 (started by User in C:\Users\User)
2026-03-20T00:42:27.371+05:30  INFO 3388 --- [service-registry] [           main] o.e.s.ServiceRegistryApplicationTests    : No active profile set, falling back to 1 default profile: "default"
2026-03-20T00:42:27.417+05:30  INFO 3388 --- [service-registry] [           main] o.s.c.c.c.ConfigServerConfigDataLoader   : Fetching config from server at : http://localhost:9000
2026-03-20T00:42:27.417+05:30  INFO 3388 --- [service-registry] [           main] o.s.c.c.c.ConfigServerConfigDataLoader   : Located environment: name=service-registry, profiles=[default], label=null, version=null, state=null
2026-03-20T00:42:28.987+05:30  INFO 3388 --- [service-registry] [           main] o.s.cloud.context.scope.GenericScope     : BeanFactory id=6e02e5ad-6197-3297-96f0-43974c3778fa
2026-03-20T00:42:29.624+05:30  INFO 3388 --- [service-registry] [           main] o.s.v.b.OptionalValidatorFactoryBean     : Failed to set up a Bean Validation provider: jakarta.validation.NoProviderFoundException: Unable to create a Configuration, because no Jakarta Validation provider could be found. Add a provider like Hibernate Validator (RI) to your classpath.
2026-03-20T00:42:31.172+05:30  WARN 3388 --- [service-registry] [           main] iguration$LoadBalancerCaffeineWarnLogger : Spring Cloud LoadBalancer is currently working with the default cache. While this cache implementation is useful for development and tests, it's recommended to use Caffeine cache in production.You can switch to using Caffeine cache, by adding it and org.springframework.cache.caffeine.CaffeineCacheManager to the classpath.
2026-03-20T00:42:31.712+05:30  INFO 3388 --- [service-registry] [           main] o.s.c.n.eureka.InstanceInfoFactory       : Setting initial instance status as: STARTING
2026-03-20T00:42:31.764+05:30  INFO 3388 --- [service-registry] [           main] com.netflix.discovery.DiscoveryClient    : Initializing Eureka in region us-east-1
2026-03-20T00:42:31.765+05:30  INFO 3388 --- [service-registry] [           main] com.netflix.discovery.DiscoveryClient    : Client configured to neither register nor query for data.
2026-03-20T00:42:31.769+05:30  INFO 3388 --- [service-registry] [           main] com.netflix.discovery.DiscoveryClient    : Discovery Client initialized at timestamp 1773947551768 with initial instances count: 0
2026-03-20T00:42:31.873+05:30  INFO 3388 --- [service-registry] [           main] c.n.eureka.DefaultEurekaServerContext    : Initializing ...
2026-03-20T00:42:31.876+05:30  INFO 3388 --- [service-registry] [           main] c.n.eureka.cluster.PeerEurekaNodes       : Adding new peer nodes [http://localhost:8761/eureka/]
2026-03-20T00:42:32.128+05:30  INFO 3388 --- [service-registry] [           main] c.n.d.provider.DiscoveryJerseyProvider   : Using JSON encoding codec LegacyJacksonJson
2026-03-20T00:42:32.128+05:30  INFO 3388 --- [service-registry] [           main] c.n.d.provider.DiscoveryJerseyProvider   : Using JSON decoding codec LegacyJacksonJson
2026-03-20T00:42:32.128+05:30  INFO 3388 --- [service-registry] [           main] c.n.d.provider.DiscoveryJerseyProvider   : Using XML encoding codec XStreamXml
2026-03-20T00:42:32.128+05:30  INFO 3388 --- [service-registry] [           main] c.n.d.provider.DiscoveryJerseyProvider   : Using XML decoding codec XStreamXml
2026-03-20T00:42:32.211+05:30  INFO 3388 --- [service-registry] [           main] c.n.eureka.cluster.PeerEurekaNodes       : Replica node URL:  http://localhost:8761/eureka/
2026-03-20T00:42:32.221+05:30  INFO 3388 --- [service-registry] [           main] c.n.e.registry.AbstractInstanceRegistry  : Finished initializing remote region registries. All known remote regions: []
2026-03-20T00:42:32.221+05:30  INFO 3388 --- [service-registry] [           main] c.n.eureka.DefaultEurekaServerContext    : Initialized
2026-03-20T00:42:32.373+05:30  INFO 3388 --- [service-registry] [           main] o.s.b.a.e.web.EndpointLinksResolver      : Exposing 1 endpoint beneath base path '/actuator'
2026-03-20T00:42:32.499+05:30  INFO 3388 --- [service-registry] [           main] o.s.c.n.e.s.EurekaServiceRegistry        : Registering application SERVICE-REGISTRY with eureka with status UP
2026-03-20T00:42:32.520+05:30  INFO 3388 --- [service-registry] [           main] o.e.s.ServiceRegistryApplicationTests    : Started ServiceRegistryApplicationTests in 6.582 seconds (process running for 9.287)
2026-03-20T00:42:32.534+05:30  INFO 3388 --- [service-registry] [      Thread-11] o.s.c.n.e.server.EurekaServerBootstrap   : isAws returned false
2026-03-20T00:42:32.535+05:30  INFO 3388 --- [service-registry] [      Thread-11] o.s.c.n.e.server.EurekaServerBootstrap   : Initialized server context
2026-03-20T00:42:32.536+05:30  INFO 3388 --- [service-registry] [      Thread-11] c.n.e.r.PeerAwareInstanceRegistryImpl    : Got 1 instances from neighboring DS node
2026-03-20T00:42:32.536+05:30  INFO 3388 --- [service-registry] [      Thread-11] c.n.e.r.PeerAwareInstanceRegistryImpl    : Renew threshold is: 1
2026-03-20T00:42:32.537+05:30  INFO 3388 --- [service-registry] [      Thread-11] c.n.e.r.PeerAwareInstanceRegistryImpl    : Changing status to UP
2026-03-20T00:42:32.541+05:30  INFO 3388 --- [service-registry] [      Thread-11] e.s.EurekaServerInitializerConfiguration : Started Eureka Server
]]></system-out>
    <system-err><![CDATA[Mockito is currently self-attaching to enable the inline-mock-maker. This will no longer work in future releases of the JDK. Please add Mockito as an agent to your build as described in Mockito's documentation: https://javadoc.io/doc/org.mockito/mockito-core/latest/org.mockito/org/mockito/Mockito.html#0.3
WARNING: A Java agent has been loaded dynamically (C:\Users\User\.m2\repository\net\bytebuddy\byte-buddy-agent\1.17.8\byte-buddy-agent-1.17.8.jar)
WARNING: If a serviceability tool is in use, please run with -XX:+EnableDynamicAgentLoading to hide this warning
WARNING: If a serviceability tool is not in use, please run with -Djdk.instrument.traceUsage for more information
WARNING: Dynamic loading of agents will be disallowed by default in a future release
]]></system-err>
  </testcase>
</testsuite>